This is pdfTeX, Version 3.14159265-2.6-1.40.15 (TeX Live 2014) (preloaded format=pdflatex 2015.1.27)  12 MAY 2015 15:07
entering extended mode
 restricted \write18 enabled.
 file:line:error style messages enabled.
 %&-line parsing enabled.
**litreview.tex
(./litreview.tex
LaTeX2e <2014/05/01>
Babel <3.9l> and hyphenation patterns for 79 languages loaded.
./litreview.tex:3: Undefined control sequence.
l.3 \section
            *{Introduction}
? 
./litreview.tex:3: Emergency stop.
l.3 \section
            *{Introduction}
End of file on the terminal!

 
Here is how much of TeX's memory you used:
 5 strings out of 493109
 135 string characters out of 6135004
 52967 words of memory out of 5000000
 3570 multiletter control sequences out of 15000+600000
 3640 words of font info for 14 fonts, out of 8000000 for 9000
 1141 hyphenation exceptions out of 8191
 5i,0n,1p,51b,8s stack positions out of 5000i,500n,10000p,200000b,80000s
./litreview.tex:3:  ==> Fatal error occurred, no output PDF file produced!
