This is pdfTeX, Version 3.14159265-2.6-1.40.15 (TeX Live 2014) (preloaded format=pdflatex 2015.1.25)  9 MAY 2015 20:02
entering extended mode
 restricted \write18 enabled.
 file:line:error style messages enabled.
 %&-line parsing enabled.
**sith-outline-introduction.tex
(./sith-outline-introduction.tex
LaTeX2e <2014/05/01>
Babel <3.9l> and hyphenation patterns for 21 languages loaded.

./sith-outline-introduction.tex:6: LaTeX Error: Missing \begin{document}.

See the LaTeX manual or LaTeX Companion for explanation.
Type  H <return>  for immediate help.
 ...                                              
                                                  
l.6 T
     he demand for rice is growing globally (citation) but rice production i...

? 
./sith-outline-introduction.tex:6: Emergency stop.
 ...                                              
                                                  
l.6 T
     he demand for rice is growing globally (citation) but rice production i...

You're in trouble here.  Try typing  <return>  to proceed.
If that doesn't work, type  X <return>  to quit.

 
Here is how much of TeX's memory you used:
 6 strings out of 494521
 332 string characters out of 6167192
 47248 words of memory out of 5000000
 3366 multiletter control sequences out of 15000+600000
 3640 words of font info for 14 fonts, out of 8000000 for 9000
 319 hyphenation exceptions out of 8191
 5i,0n,4p,624b,17s stack positions out of 5000i,500n,10000p,200000b,80000s
./sith-outline-introduction.tex:6:  ==> Fatal error occurred, no output PDF fil
e produced!
